Flutter crash report; please file at https://github.com/flutter/flutter/issues.

## command

flutter --no-color packages get

## exception

FileSystemException: FileSystemException: Cannot open file, path = 'E:\Application\ekry_tn\ios\Runner\GeneratedPluginRegistrant.h' (OS Error: Le processus ne peut pas accéder au fichier car ce fichier est utilisé par un autre processus.
, errno = 32)

```
#0      _File.throwIfError (dart:io/file_impl.dart:645:7)
#1      _File.openSync (dart:io/file_impl.dart:489:5)
#2      _File.writeAsBytesSync (dart:io/file_impl.dart:614:31)
#3      _File.writeAsStringSync (dart:io/file_impl.dart:638:5)
#4      ForwardingFile.writeAsStringSync (package:file/src/forwarding/forwarding_file.dart:154:16)
#5      ErrorHandlingFile.writeAsStringSync.<anonymous closure> (package:flutter_tools/src/base/error_handling_file_system.dart:137:22)
#6      ErrorHandlingFile._runSync (package:flutter_tools/src/base/error_handling_file_system.dart:163:16)
#7      ErrorHandlingFile.writeAsStringSync (package:flutter_tools/src/base/error_handling_file_system.dart:136:5)
#8      _renderTemplateToFile (package:flutter_tools/src/plugins.dart:29:8)
#9      _writeIOSPluginRegistrant (package:flutter_tools/src/plugins.dart:861:5)
#10     injectPlugins (package:flutter_tools/src/plugins.dart:1083:11)
<asynchronous suspension>
#11     FlutterProject.ensureReadyForPlatformSpecificTooling (package:flutter_tools/src/project.dart:232:11)
<asynchronous suspension>
#12     PackagesGetCommand.runCommand (package:flutter_tools/src/commands/packages.dart:127:23)
<asynchronous suspension>
#13     FlutterCommand.verifyThenRunCommand (package:flutter_tools/src/runner/flutter_command.dart:716:18)
<asynchronous suspension>
#14     FlutterCommand.run.<anonymous closure> (package:flutter_tools/src/runner/flutter_command.dart:613:33)
<asynchronous suspension>
#15     FlutterCommand.run.<anonymous closure> (package:flutter_tools/src/runner/flutter_command.dart)
#16     AppContext.run.<anonymous closure> (package:flutter_tools/src/base/context.dart:150:29)
#17     _rootRun (dart:async/zone.dart:1126:13)
#18     _CustomZone.run (dart:async/zone.dart:1023:19)
#19     _runZoned (dart:async/zone.dart:1518:10)
#20     runZoned (dart:async/zone.dart:1465:12)
#21     AppContext.run (package:flutter_tools/src/base/context.dart:149:18)
#22     FlutterCommand.run (package:flutter_tools/src/runner/flutter_command.dart:603:20)
#23     CommandRunner.runCommand (package:args/command_runner.dart:197:27)
#24     FlutterCommandRunner.runCommand.<anonymous closure> (package:flutter_tools/src/runner/flutter_command_runner.dart:339:21)
<asynchronous suspension>
#25     FlutterCommandRunner.runCommand.<anonymous closure> (package:flutter_tools/src/runner/flutter_command_runner.dart)
#26     AppContext.run.<anonymous closure> (package:flutter_tools/src/base/context.dart:150:29)
#27     _rootRun (dart:async/zone.dart:1126:13)
#28     _CustomZone.run (dart:async/zone.dart:1023:19)
#29     _runZoned (dart:async/zone.dart:1518:10)
#30     runZoned (dart:async/zone.dart:1465:12)
#31     AppContext.run (package:flutter_tools/src/base/context.dart:149:18)
#32     FlutterCommandRunner.runCommand (package:flutter_tools/src/runner/flutter_command_runner.dart:288:19)
#33     CommandRunner.run.<anonymous closure> (package:args/command_runner.dart:112:25)
#34     new Future.sync (dart:async/future.dart:224:31)
#35     CommandRunner.run (package:args/command_runner.dart:112:14)
#36     FlutterCommandRunner.run (package:flutter_tools/src/runner/flutter_command_runner.dart:231:18)
#37     run.<anonymous closure>.<anonymous closure> (package:flutter_tools/runner.dart:63:22)
#38     _rootRun (dart:async/zone.dart:1126:13)
#39     _CustomZone.run (dart:async/zone.dart:1023:19)
#40     _runZoned (dart:async/zone.dart:1518:10)
#41     runZoned (dart:async/zone.dart:1502:12)
#42     run.<anonymous closure> (package:flutter_tools/runner.dart:61:18)
<asynchronous suspension>
#43     run.<anonymous closure> (package:flutter_tools/runner.dart)
#44     runInContext.runnerWrapper (package:flutter_tools/src/context_runner.dart:69:18)
<asynchronous suspension>
#45     runInContext.runnerWrapper (package:flutter_tools/src/context_runner.dart)
#46     AppContext.run.<anonymous closure> (package:flutter_tools/src/base/context.dart:150:29)
#47     _rootRun (dart:async/zone.dart:1126:13)
#48     _CustomZone.run (dart:async/zone.dart:1023:19)
#49     _runZoned (dart:async/zone.dart:1518:10)
#50     runZoned (dart:async/zone.dart:1465:12)
#51     AppContext.run (package:flutter_tools/src/base/context.dart:149:18)
#52     runInContext (package:flutter_tools/src/context_runner.dart:72:24)
#53     run (package:flutter_tools/runner.dart:48:10)
#54     main (package:flutter_tools/executable.dart:69:9)
#55     main (file:///C:/Flutter/packages/flutter_tools/bin/flutter_tools.dart:8:3)
#56     _startIsolate.<anonymous closure> (dart:isolate-patch/isolate_patch.dart:299:32)
#57     _RawReceivePortImpl._handleMessage (dart:isolate-patch/isolate_patch.dart:168:12)
```

## flutter doctor

```
[✓] Flutter (Channel unknown, v1.15.22, on Microsoft Windows [version 10.0.18363.900], locale fr-FR)
    • Flutter version 1.15.22 at C:\Flutter
    • Framework revision 1606d87834 (4 months ago), 2020-03-16 00:36:01 -0400
    • Engine revision 6801b4dae7
    • Dart version 2.8.0 (build 2.8.0-dev.14.0 7079c49b05)

[✓] Android toolchain - develop for Android devices (Android SDK version 29.0.2)
    • Android SDK at C:/Users/User/AppData/Local/Android/Sdk
    • Android NDK location not configured (optional; useful for native profiling support)
    • Platform android-29, build-tools 29.0.2
    • ANDROID_HOME = C:/Users/User/AppData/Local/Android/Sdk
    • Java binary at: C:\Program Files\Android\Android Studio\jre\bin\java
    • Java version OpenJDK Runtime Environment (build 1.8.0_202-release-1483-b03)
    • All Android licenses accepted.

[✓] Android Studio (version 3.5)
    • Android Studio at C:\Program Files\Android\Android Studio
    • Flutter plugin version 44.0.1
    • Dart plugin version 191.8593
    • Java version OpenJDK Runtime Environment (build 1.8.0_202-release-1483-b03)

[✓] VS Code (version 1.46.0)
    • VS Code at C:\Users\User\AppData\Local\Programs\Microsoft VS Code
    • Flutter extension version 3.11.0

[✓] Connected device (1 available)
    • ATU L31 • DKJ9X18A16W00767 • android-arm64 • Android 8.0.0 (API 26)

• No issues found!
```
